<?xml version="1.0" encoding="UTF-8"?>
<testng-results ignored="0" total="2" passed="2" failed="0" skipped="0">
  <reporter-output>
  </reporter-output>
  <suite started-at="2020-12-02T12:26:12 IST" name="Default suite" finished-at="2020-12-02T12:26:12 IST" duration-ms="89">
    <groups>
    </groups>
    <test started-at="2020-12-02T12:26:12 IST" name="Default test" finished-at="2020-12-02T12:26:12 IST" duration-ms="89">
      <class name="com.codebind.RESTAPITest">
        <test-method signature="deleteTwitter()[pri:0, instance:com.codebind.RESTAPITest@60704c]" started-at="2020-12-02T12:26:12 IST" name="deleteTwitter" finished-at="2020-12-02T12:26:12 IST" duration-ms="16" status="PASS">
          <reporter-output>
          </reporter-output>
        </test-method> <!-- deleteTwitter -->
        <test-method signature="postJira()[pri:0, instance:com.codebind.RESTAPITest@60704c]" started-at="2020-12-02T12:26:12 IST" name="postJira" finished-at="2020-12-02T12:26:12 IST" duration-ms="4" status="PASS">
          <reporter-output>
          </reporter-output>
        </test-method> <!-- postJira -->
      </class> <!-- com.codebind.RESTAPITest -->
    </test> <!-- Default test -->
  </suite> <!-- Default suite -->
</testng-results>
